pacmania        // (c) 1987
pacmaniao       // (c) 1987
pacmaniaj       // (c) 1987 (Japan)
dspirit         // (c) 1987 (new version (DS3))
dspirit2        // (c) 1987 (DS2, Atari had rights to US market)
dspirit1        // (c) 1987 (old version (DS1))

ddragon         // TA-0021 (c) 1987
ddragonu        // TA-0021 (c) 1987 Taito America
ddragonua       // TA-0021 (c) 1987 Taito America
ddragonub       // TA-0021 (c) 1987 Taito America
ddragonw        // TA-0021 (c) 1987 Taito
ddragonw1       // TA-0021 (c) 1987 Taito
ddragonb        // bootleg
ddragonba       // bootleg
ddragon6809     // bootleg
ddragon6809a    // bootleg
ddragonb2       // bootleg


// Gaelco 2D games
mastboy         // (c) 1987 - No Ref on the PCB
mastboyi        // (c) 1987 - No Ref on the PCB
mastboyia       // (c) 1987 - No Ref on the PCB
xorworld        // (c) 1990 - prototype
bigkarnk        // (c) 1991 - Ref 901112-1
// Master Boy 2 // (c) 1991 - Ref ???
splash          // (c) 1992 - Ref 922804
splash10        // (c) 1992 - Ref 922804
paintlad        // (c) 1992 - ver 1.3
roldfrog        // not a gaelco game but based on splash code
roldfroga       // not a gaelco game but based on splash code
rebus           // not a gaelco game but on similar hw to splash
funystrp        // not a gaelco game but on similar hw to splash
puckpepl        // not a gaelco game but on similar hw to splash
thoop           // (c) 1992 - Ref 922804/1
squash          // (c) 1992 - Ref 922804/2
wrally          // (c) 1993 - Ref 930705
wrallya         // (c) 1993 - Ref 930705
wrallyb         // (c) 1993 - Ref 930217
wrallyat        // (c) 1993 - Ref 930217
glass           // (c) 1993 - Ref 931021
glass10         // (c) 1993 - Ref 931021
glass10a        // (c) 1993 - Ref 931021 shows "Break Edition" on a real PCB
glasskr         // (c) 1994 - Ref 931021 shows 1994 version, Anime girls, unprotected
targeth         // (c) 1994 - Ref 940531
targetha        // (c) 1994 - Ref 940531
thoop2          // (c) 1994 - Ref ???
aligator        // (c) 1994 - Ref 940411
aligatorun      // (c) 1994 - Ref 940411 (unprotected)
biomtoy         // (c) 1995 - Ref 922804/2 - (unprotected)
biomtoya        // (c) 1995 - Ref 922804/2 - (unprotected)
touchgo         // (c) 1995 - Ref 950906
touchgon        // (c) 1995 - Ref 950906
touchgoe        // (c) 1995 - Ref 950510-1
wrally2         // (c) 1995 - Ref 950510
maniacsp        // (c) 1996 - Ref 922804/2 - (prototype)
maniacsq        // (c) 1996 - Ref 940411 - (unprotected)
maniacsqa       // (c) 1996 - Ref 940411
snowboar        // (c) 1996 - Ref 960419/1
snowboara       // (c) 1996 - Ref 960419/1
bang            // (c) 1998 - Ref ???
bangj           // (c) 1999 - Ref ???
grtesoro        // (c) 1999 - Ref ???
grtesoro4       // (c) 1999 - Ref ???

redbaron        // 036995-037007    (c) 1980
redbarona       // 036995-037007    (c) 1980


// Capcom CPS1 games
forgottn        //  7/1988 (c) 1988 (World)
forgottna       //  7/1988 (c) 1988 (World)
forgottnu       //  7/1988 (c) 1988 (USA)
forgottnu1      //  7/1988 (c) 1988 (USA)
forgottnua      //  7/1988 (c) 1988 (USA)
forgottnuaa     //  7/1988 (c) 1988 (USA)
lostwrld        //  7/1988 (c) 1988 (Japan)
lostwrldo       //  7/1988 (c) 1988 (Japan)
ghouls          // 12/1988 (c) 1988 (World)
ghoulsu         // 12/1988 (c) 1988 (USA)
daimakai        // 12/1988 (c) 1988 (Japan)
daimakair       // 12/1988 (c) 1988 (Japan)
strider         //  3/1989 (c) 1989 (not explicitly stated but should be USA)
striderua       //  3/1989 (c) 1989 (not explicitly stated but should be USA)
strideruc       // conversion
striderj        //  3/1989 (c) 1989 (Japan)
striderjr       //  3/1989 (c) 1989 (Japan)
dynwar          //  4/1989 (c) 1989 (USA)
dynwara         //  4/1989 (c) 1989 (USA)
dynwarj         //  4/1989 (c) 1989 (Japan)
dynwarjr        //  4/1989 (c) 1989 (Japan)
willow          //  6/1989 (c) 1989 (World)
willowu         //  6/1989 (c) 1989 (USA)
willowuo        //  6/1989 (c) 1989 (USA)
willowj         //  6/1989 (c) 1989 (Japan)
unsquad         //  8/1989 (c) 1989 (USA)
area88          //  8/1989 (c) 1989 (Japan)
area88r         //  8/1989 (c) 1989 (Japan)
ffight          // 12/1989 (c) 1989 (World)
ffighta         // 12/1989 (c) 1989 (World)
ffightu         // 12/1989 (c) 1989 (USA)
ffightu1        // 12/1989 (c) 1989 (USA)
ffightua        // 12/01/1990 (c) 1989 (USA)
ffightub        // 24/04/1990 (c) 1989 (USA)
ffightuc        // 12/06/1990 (c) 1989 (USA)
ffightj         // 12/1989 (c) 1989 (Japan)
ffightj1        // 12/01/1990 (c) 1989 (Japan)
ffightj2        // 05/03/1990 (c) 1989 (Japan)
ffightj3        // 13/06/1990 (c) 1989 (Japan)
ffightjh        // hack
1941            // 27/02/1990 (c) 1990 (World)
1941r1          //  2/1990 (c) 1990 (World)
1941u           // 27/02/1990 (c) 1990 (USA)
1941j           //  2/1990 (c) 1990 (Japan)
mercs           // 02/03/1990 (c) 1990 (World)
mercsu          // 08/06/1990 (c) 1990 (USA)
mercsur1        // 02/03/1990 (c) 1990 (USA)
mercsj          // 02/03/1990 (c) 1990 (Japan)
mtwins          // 19/06/1990 (c) 1990 (World)
chikij          // 19/06/1990 (c) 1990 (Japan)
msword          // 25/07/1990 (c) 1990 (World)
mswordr1        // 23/06/1990 (c) 1990 (World)
mswordu         // 25/07/1990 (c) 1990 (USA)
mswordj         // 23/06/1990 (c) 1990 (Japan)
cawing          // 12/10/1990 (c) 1990 (World)
cawingr1        // 09/10/1990 (c) 1990 (World)
cawingu         // 12/10/1990 (c) 1990 (USA)
cawingj         // 12/10/1990 (c) 1990 (Japan)
cawingbl        // bootleg
cawingb2        // bootleg
nemo            // 30/11/1990 (c) 1990 (World)
nemor1          // 09/11/1990 (c) 1990 (World)
nemoj           // 20/11/1990 (c) 1990 (Japan)
sf2             // 22/05/1991 (c) 1991 (World)
sf2eb           // 14/02/1991 (c) 1991 (World)
sf2ed           // 18/03/1991 (c) 1991 (World)
sf2ee           // 28/02/1991 (c) 1991 (World)
sf2ebbl         // 14/02/1991 (c) 1991 (World, bootleg)
sf2ebbl2        // 14/02/1991 (c) 1991 (World, bootleg)
sf2ebbl3        // 14/02/1991 (c) 1991 (World, bootleg)
sf2stt          // bootleg
sf2rk           // bootleg
sf2ua           // 06/02/1991 (c) 1991 (USA)
sf2ub           // 14/02/1991 (c) 1991 (USA)
sf2uc           // 06/03/1991 (c) 1991 (USA)
sf2ud           // 18/03/1991 (c) 1991 (USA)
sf2ue           // 28/02/1991 (c) 1991 (USA)
sf2uf           // 11/04/1991 (c) 1991 (USA)
sf2ug           // 22/05/1991 (c) 1991 (USA, Rev. G)
sf2ui           // 22/05/1991 (c) 1991 (USA, Rev. I)
sf2uk           // 01/11/1991 (c) 1991 (USA)
sf2j            // 10/12/1991 (c) 1991 (Japan)
sf2ja           // 14/02/1991 (c) 1991 (Japan)
sf2jc           // 06/03/1991 (c) 1991 (Japan)
sf2jf           // 11/04/1991 (c) 1991 (Japan)
sf2jh           // 22/05/1991 (c) 1991 (Japan)
sf2jl           // 12/03/1992 (c) 1991 (Japan)
sf2qp1          // hack
sf2thndr        // hack
3wonders        // 20/05/1991 (c) 1991 (World)
3wondersr1      // 13/05/1991 (c) 1991 (World)
3wondersu       // 20/05/1991 (c) 1991 (USA)
wonder3         // 20/05/1991 (c) 1991 (Japan)
3wondersb       // bootleg
3wondersh       // hack
kod             // 05/08/1991 (c) 1991 (World)
kodr1           // 11/07/1991 (c) 1991 (World)
kodu            // 10/09/1991 (c) 1991 (USA)
kodj            // 05/08/1991 (c) 1991 (Japan)
kodja           // 05/08/1991 (c) 1991 (Japan)
kodb            // bootleg
captcomm        // 02/12/1991 (c) 1991 (World)
captcommr1      // 14/10/1991 (c) 1991 (World)
captcommu       // 28/09/1991 (c) 1991 (USA)
captcommj       // 02/12/1991 (c) 1991 (Japan)
captcommjr1     // 28/09/1991 (c) 1991 (Japan)
captcommb       // bootleg
knights         // 27/11/1991 (c) 1991 (World)
knightsu        // 27/11/1991 (c) 1991 (USA)
knightsj        // 27/11/1991 (c) 1991 (Japan)
knightsja       // 27/11/1991 (c) 1991 (Japan)
knightsb        // bootleg
sf2ce           // 13/05/1992 (c) 1992 (World)
sf2ceea         // 13/03/1992 (c) 1992 (World)
sf2ceua         // 13/03/1992 (c) 1992 (USA)
sf2ceub         // 13/05/1992 (c) 1992 (USA)
sf2ceuc         // 03/08/1992 (c) 1992 (USA)
sf2ceja         // 22/03/1992 (c) 1992 (Japan)
sf2cejb         // 13/05/1992 (c) 1992 (Japan)
sf2cejc         // 03/08/1992 (c) 1992 (Japan)
sf2bhh          // hack
sf2rb           // hack
sf2rb2          // hack
sf2rb3          // hack
sf2red          // hack
sf2v004         // hack
sf2acc          // hack
sf2acca         // hack
sf2ceblp        // hack
sf2cebltw       // hack
sf2accp2        // hack
sf2amf          // bootleg
sf2amf2         // bootleg
sf2dkot2        // hack
sf2m1           // hack
sf2m2           // hack
sf2m3           // hack
sf2m4           // hack
sf2m5           // hack
sf2m6           // hack
sf2m7           // hack
sf2m8           // bootleg
sf2m9           // bootleg
sf2m10          // bootleg
sf2yyc          // hack
sf2koryu        // hack
sf2dongb        // hack
sf2mdt          // bootleg
sf2mdta         // bootleg
sf2mdtb         // bootleg
sf2b            // bootleg
cworld2j        // 11/06/1992 (c) 1992 (Japan)
cworld2ja       // 11/06/1992 (c) 1992 (Japan)
cworld2jb       // 11/06/1992 (c) 1992 (Japan)
varth           // 14/07/1992 (c) 1992 (World)
varthr1         // 12/06/1992 (c) 1992 (World)
varthu          // 12/06/1992 (c) 1992 (USA)
varthj          // 14/07/1992 (c) 1992 (Japan)
varthjr         // 14/07/1992 (c) 1992 (Japan)
qad             // 01/07/1992 (c) 1992 (USA)
qadjr           // 21/09/1994 (c) 1994 (Japan)
wof             // 31/10/1992 (c) 1992 (World) (CPS1 + QSound)
wofr1           // 02/10/1992 (c) 1992 (World) (CPS1 + QSound)
wofu            // 31/10/1992 (c) 1992 (USA) (CPS1 + QSound)
wofa            // 05/10/1992 (c) 1992 (Asia)  (CPS1 + QSound)
wofj            // 31/10/1992 (c) 1992 (Japan) (CPS1 + QSound)
wofhfh          // bootleg
sgyxz           // bootleg (All-In Electronics)
sf2hf           // 09/12/1992 (c) 1992 (World)
sf2hfu          // 09/12/1992 (c) 1992 (USA)
sf2hfj          // 09/12/1992 (c) 1992 (Japan)
dino            // 01/02/1993 (c) 1993 (World) (CPS1 + QSound)
dinou           // 01/02/1993 (c) 1993 (USA) (CPS1 + QSound)
dinoj           // 01/02/1993 (c) 1993 (Japan) (CPS1 + QSound)
dinopic         // bootleg
dinopic2        // bootleg
dinohunt        // bootleg
punisher        // 22/04/1993 (c) 1993 (World) (CPS1 + QSound)
punisheru       // 22/04/1993 (c) 1993 (USA) (CPS1 + QSound)
punisherh       // 22/04/1993 (c) 1993 (Hispanic) (CPS1 + QSound)
punisherj       // 22/04/1993 (c) 1993 (Japan) (CPS1 + QSound)
punipic         // bootleg
punipic2        // bootleg
punipic3        // bootleg
punisherbz      // bootleg
slammast        // 13/07/1993 (c) 1993 (World) (CPS1 + QSound)
slammastu       // 13/07/1993 (c) 1993 (USA) (CPS1 + QSound)
slampic         // bootleg
mbomberj        // 13/07/1993 (c) 1993 (Japan) (CPS1 + QSound)
mbombrd         // 06/12/1993 (c) 1993 (World) (CPS1 + QSound)
mbombrdj        // 06/12/1993 (c) 1993 (Japan) (CPS1 + QSound)
kenseim         // 18/04/1994 (c) 1994 Togo/Sigma (Japan) not listed on Capcom's site
pnickj          // 08/06/1994 (c) 1994 Compile + Capcom license (Japan) not listed on Capcom's site
qtono2j         // 23/01/1995 (c) 1995 (Japan)
pang3           // 01/06/1995 (c) 1995 Mitchell (Euro) not listed on Capcom's site
pang3r1         // 11/05/1995 (c) 1995 Mitchell (Euro) not listed on Capcom's site
pang3j          // 11/05/1995 (c) 1995 Mitchell (Japan) not listed on Capcom's site
pang3b          // bootleg
megaman         // 06/10/1995 (c) 1995 (USA)
megamana        // 06/10/1995 (c) 1995 (Asia)
rockmanj        // 22/09/1995 (c) 1995 (Japan)
fcrash          // bootleg of Final Fight
ffightbl        // bootleg
ffightbla       // bootleg
ganbare         // 11/04/2000 (c) 2000 (Japan)


// Capcom CPS2 games
// list completed by CPS2Shock
// http://cps2shock.retrogames.com
ssf2            // 05/10/1993 (c) 1993 (World)
ssf2r1          // 11/09/1993 (c) 1993 (World)
ssf2u           // 11/09/1993 (c) 1993 (USA)
ssf2a           // 05/10/1993 (c) 1993 (Asia)
ssf2ar1         // 14/09/1993 (c) 1993 (Asia)
ssf2j           // 05/10/1993 (c) 1993 (Japan)
ssf2jr1         // 11/09/1993 (c) 1993 (Japan)
ssf2jr2         // 10/09/1993 (c) 1993 (Japan)
ssf2h           // 11/09/1993 (c) 1993 (Hispanic)
ssf2tb          // 19/11/1993 (c) 1993 (World)
ssf2tbr1        // 11/09/1993 (c) 1993 (World)
ssf2tbj         // 11/09/1993 (c) 1993 (Japan)
ssf2tbh         // 05/10/1993 (c) 1993 (Hispanic)
ecofghtr        // 03/12/1993 (c) 1994 (World)
ecofghtru       // 15/02/1994 (c) 1994 (USA)
ecofghtru1      // 03/12/1993 (c) 1994 (USA)
ecofghtra       // 03/12/1993 (c) 1994 (Asia)
ecofghtrh       // 03/12/1993 (c) 1994 (Hispanic)
uecology        // 03/12/1993 (c) 1994 (Japan)
ddtod           // 12/04/1994 (c) 1993 (Euro)
ddtodr1         // 13/01/1994 (c) 1993 (Euro)
ddtodu          // 25/01/1994 (c) 1993 (USA)
ddtodur1        // 13/01/1994 (c) 1993 (USA)
ddtodj          // 12/04/1994 (c) 1993 (Japan)
ddtodjr1        // 25/01/1994 (c) 1993 (Japan)
ddtodjr2        // 13/01/1994 (c) 1993 (Japan)
ddtoda          // 12/04/1994 (c) 1993 (Asia)
ddtodar1        // 13/01/1994 (c) 1993 (Asia)
ddtodh          // 12/04/1994 (c) 1993 (Hispanic)
ddtodhr1        // 25/01/1994 (c) 1993 (Hispanic)
ddtodhr2        // 13/01/1994 (c) 1993 (Hispanic)
ssf2t           // 23/02/1994 (c) 1994 (World)
ssf2th          // 23/02/1994 (c) 1994 (Hispanic)
ssf2tu          // 23/03/1994 (c) 1994 (USA)
ssf2tur1        // 23/02/1994 (c) 1994 (USA)
ssf2ta          // 23/02/1994 (c) 1994 (Asia)
ssf2xj          // 23/02/1994 (c) 1994 (Japan)
avsp            // 20/05/1994 (c) 1994 (Euro)
ssf2xjr         // 23/02/1994 (c) 1994 (Japan)
avspu           // 20/05/1994 (c) 1994 (USA)
avspj           // 20/05/1994 (c) 1994 (Japan)
avspa           // 20/05/1994 (c) 1994 (Asia)
avsph           // 20/05/1994 (c) 1994 (Hispanic)
				// 06/1994? Galum Pa! (not listed on Capcom's site)
dstlk           // 05/07/1994 (c) 1994 (Euro)
dstlku          // 18/08/1994 (c) 1994 (USA)
dstlkur1        // 05/07/1994 (c) 1994 (USA)
dstlka          // 05/07/1994 (c) 1994 (Asia)
dstlkh          // 18/08/1994 (c) 1994 (Hispanic)
vampj           // 05/07/1994 (c) 1994 (Japan)
vampja          // 05/07/1994 (c) 1994 (Japan)
vampjr1         // 30/06/1994 (c) 1994 (Japan)
ringdest        // 02/09/1994 (c) 1994 (Euro)
ringdesta       // 31/08/1994 (c) 1994 (Asia)
ringdesth       // 02/09/1994 (c) 1994 (Hispanic)
smbomb          // 31/08/1994 (c) 1994 (Japan)
smbombr1        // 08/08/1994 (c) 1994 (Japan)
armwar          // 24/10/1994 (c) 1994 (Euro)
armwarr1        // 11/10/1994 (c) 1994 (Euro)
armwaru         // 24/10/1994 (c) 1994 (USA)
armwaru1        // 20/09/1994 (c) 1994 (USA)
pgear           // 24/10/1994 (c) 1994 (Japan)
pgearr1         // 16/09/1994 (c) 1994 (Japan)
armwara         // 24/10/1994 (c) 1994 (Asia)
armwarar1       // 20/09/1994 (c) 1994 (Asia)
xmcota          // 31/03/1995 (c) 1994 (Euro)
xmcotar1        // 05/01/1995 (c) 1994 (Euro)
xmcotau         // 05/01/1995 (c) 1994 (USA)
xmcotah         // 31/03/1995 (c) 1994 (Hispanic)
xmcotahr1       // 05/01/1995 (c) 1994 (Hispanic)
xmcotaj         // 05/01/1995 (c) 1994 (Japan)
xmcotaj1        // 22/12/1994 (c) 1994 (Japan)
xmcotaj2        // 19/12/1994 (c) 1994 (Japan)
xmcotaj3        // 17/12/1994 (c) 1994 (Japan)
xmcotaa         // 05/01/1995 (c) 1994 (Asia)
xmcotaar1       // 17/12/1994 (c) 1994 (Asia)
xmcotajr        // 08/12/1994 (c) 1994 (Japan Rent)
nwarr           // 16/03/1995 (c) 1995 (Euro)
nwarru          // 06/04/1995 (c) 1995 (USA)
nwarrh          // 03/04/1995 (c) 1995 (Hispanic)
nwarrb          // 03/04/1995 (c) 1995 (Brazil)
nwarra          // 02/03/1995 (c) 1995 (Asia)
vhuntj          // 02/03/1995 (c) 1995 (Japan)
vhuntjr1s       // 07/03/1995 (c) 1995 (Japan)
vhuntjr1        // 07/03/1995 (c) 1995 (Japan)
vhuntjr2        // 02/03/1995 (c) 1995 (Japan)
cybots          // 24/04/1995 (c) 1995 (Euro)
cybotsu         // 24/04/1995 (c) 1995 (USA)
cybotsj         // 20/04/1995 (c) 1995 (Japan)
sfa             // 27/07/1995 (c) 1995 (Euro)
sfar1           // 18/07/1995 (c) 1995 (Euro)
sfar2           // 27/06/1995 (c) 1995 (Euro)
sfar3           // 05/06/1995 (c) 1995 (Euro)
sfau            // 27/06/1995 (c) 1995 (USA)
sfza            // 27/06/1995 (c) 1995 (Asia)
sfzar1          // 05/06/1995 (c) 1995 (Asia)
sfzj            // 27/07/1995 (c) 1995 (Japan)
sfzjr1          // 27/06/1995 (c) 1995 (Japan)
sfzjr2          // 05/06/1995 (c) 1995 (Japan)
sfzh            // 18/07/1995 (c) 1995 (Hispanic)
sfzhr1          // 27/06/1995 (c) 1995 (Hispanic)
sfzb            // 09/11/1995 (c) 1995 (Brazil)
sfzbr1          // 27/07/1995 (c) 1995 (Brazil)
mmancp2u        // 06/10/1995 (c) 1995 (USA)
mmancp2ur1      // 26/09/1995 (c) 1995 (USA)
rmancp2j        // 22/09/1995 (c) 1995 (Japan)
msh             // 24/10/1995 (c) 1995 (Euro)
mshu            // 24/10/1995 (c) 1995 (USA)
mshj            // 17/11/1995 (c) 1995 (Japan)
mshjr1          // 24/10/1995 (c) 1995 (Japan)
msha            // 24/10/1995 (c) 1995 (Asia)
mshh            // 17/11/1995 (c) 1995 (Hispanic)
mshb            // 17/11/1995 (c) 1995 (Brazil)
19xx            // 07/12/1995 (c) 1996 (USA)
19xxj           // 04/01/1996 (c) 1996 (Japan)
19xxjr1         // 25/12/1995 (c) 1996 (Japan)
19xxjr2         // 07/12/1995 (c) 1996 (Japan)
19xxa           // 04/01/1996 (c) 1996 (Asia)
19xxar1         // 07/12/1995 (c) 1996 (Asia)
19xxh           // 18/12/1995 (c) 1996 (Hispanic)
19xxb           // 18/12/1995 (c) 1996 (Brazil)
ddsom           // 19/06/1996 (c) 1996 (Euro)
ddsomr1         // 23/02/1996 (c) 1996 (Euro)
ddsomr2         // 09/02/1996 (c) 1996 (Euro)
ddsomr3         // 08/02/1996 (c) 1996 (Euro)
ddsomu          // 19/06/1996 (c) 1996 (USA)
ddsomur1        // 09/02/1996 (c) 1996 (USA)
ddsomjr1        // 06/02/1996 (c) 1996 (Japan)
ddsomj          // 19/06/1996 (c) 1996 (Japan)
ddsoma          // 19/06/1996 (c) 1996 (Asia)
ddsomar1        // 08/02/1996 (c) 1996 (Asia)
ddsomh          // 23/02/1996 (c) 1996 (Hispanic)
ddsomb          // 23/02/1996 (c) 1996 (Brazil)
sfa2            // 06/03/1996 (c) 1996 (Euro)
sfa2u           // 30/04/1996 (c) 1996 (USA)
sfa2ur1         // 06/03/1996 (c) 1996 (USA)
sfz2j           // 30/04/1996 (c) 1996 (Japan)
sfz2jr1         // 27/02/1996 (c) 1996 (Japan)
sfz2a           // 27/02/1996 (c) 1996 (Asia)
sfz2b           // 31/05/1996 (c) 1996 (Brazil)
sfz2br1         // 04/03/1996 (c) 1996 (Brazil)
sfz2h           // 04/03/1996 (c) 1996 (Hispanic)
sfz2n           // 29/02/1996 (c) 1996 (Oceania)
spf2t           // 29/05/1996 (c) 1996 (Europe)
spf2tu          // 20/06/1996 (c) 1996 (USA)
spf2xj          // 31/05/1996 (c) 1996 (Japan)
spf2ta          // 29/05/1996 (c) 1996 (Asia)
spf2th          // 31/05/1996 (c) 1996 (Hispanic)
megaman2        // 08/07/1996 (c) 1996 (USA)
megaman2a       // 08/07/1996 (c) 1996 (Asia)
rockman2j       // 08/07/1996 (c) 1996 (Japan)
megaman2h       // 12/07/1996 (c) 1996 (Hispanic)
gigaman2        // bootleg
sfz2al          // 26/08/1996 (c) 1996 (Asia)
sfz2alj         // 05/08/1996 (c) 1996 (Japan)
sfz2alh         // 13/08/1996 (c) 1996 (Hispanic)
sfz2alb         // 13/08/1996 (c) 1996 (Brazil)
qndream         // 26/08/1996 (c) 1996 (Japan)
xmvsf           // 04/10/1996 (c) 1996 (Euro)
xmvsfr1         // 10/09/1996 (c) 1996 (Euro)
xmvsfu          // 23/10/1996 (c) 1996 (USA)
xmvsfur1        // 04/10/1996 (c) 1996 (USA)
xmvsfur2        // 10/09/1996 (c) 1996 (USA)
xmvsfj          // 04/10/1996 (c) 1996 (Japan)
xmvsfjr1        // 10/09/1996 (c) 1996 (Japan)
xmvsfjr2        // 09/09/1996 (c) 1996 (Japan)
xmvsfa          // 23/10/1996 (c) 1996 (Asia)
xmvsfar1        // 04/10/1996 (c) 1996 (Asia)
xmvsfar2        // 19/09/1996 (c) 1996 (Asia)
xmvsfar3        // 10/09/1996 (c) 1996 (Asia)
xmvsfh          // 04/10/1996 (c) 1996 (Hispanic)
xmvsfb          // 23/10/1996 (c) 1996 (Brazil)
batcir          // 19/03/1997 (c) 1997 (Euro)
batcirj         // 19/03/1997 (c) 1997 (Japan)
batcira         // 19/03/1997 (c) 1997 (Asia)
vsav            // 19/05/1997 (c) 1997 (Euro)
vsavu           // 19/05/1997 (c) 1997 (USA)
vsavj           // 19/05/1997 (c) 1997 (Japan)
vsava           // 19/05/1997 (c) 1997 (Asia)
vsavh           // 19/05/1997 (c) 1997 (Hispanic)
mshvsf          // 25/06/1997 (c) 1997 (Euro)
mshvsfu         // 27/08/1997 (c) 1997 (USA)
mshvsfu1        // 25/06/1997 (c) 1997 (USA)
mshvsfj         // 07/07/1997 (c) 1997 (Japan)
mshvsfj1        // 02/07/1997 (c) 1997 (Japan)
mshvsfj2        // 25/06/1997 (c) 1997 (Japan)
mshvsfh         // 25/06/1997 (c) 1997 (Hispanic)
mshvsfa         // 25/06/1997 (c) 1997 (Asia)
mshvsfa1        // 20/06/1997 (c) 1997 (Asia)
mshvsfb         // 27/08/1997 (c) 1997 (Brazil)
mshvsfb1        // 25/06/1997 (c) 1997 (Brazil)
csclub          // 17/10/1997 (c) 1997 (Euro)
csclub1         // 22/07/1997 (c) 1997 (Euro)
csclubj         // 22/07/1997 (c) 1997 (Japan)
csclubjy        // 22/07/1997 (c) 1997 (Japan)
cscluba         // 22/07/1997 (c) 1997 (Asia)
csclubh         // 22/07/1997 (c) 1997 (Hispanic)
sgemf           // 04/09/1997 (c) 1997 (USA)
pfghtj          // 04/09/1997 (c) 1997 (Japan)
sgemfa          // 04/09/1997 (c) 1997 (Asia)
sgemfh          // 04/09/1997 (c) 1997 (Hispanic)
vhunt2r1        // 13/09/1997 (c) 1997 (Japan)
vhunt2          // 29/09/1997 (c) 1997 (Japan)
vsav2           // 13/09/1997 (c) 1997 (Japan)
mvsc            // 23/01/1998 (c) 1998 (Euro)
mvscr1          // 12/01/1998 (c) 1998 (Euro)
mvscu           // 23/01/1998 (c) 1998 (USA)
mvscur1         // 23/01/1998 (c) 1998 (USA)
mvscj           // 23/01/1998 (c) 1998 (Japan)
mvscjr1         // 12/01/1998 (c) 1998 (Japan)
mvscjsing       // 23/01/1998 (c) 1998 (Japan) - Single PCB
mvsca           // 23/01/1998 (c) 1998 (Asia)
mvscar1         // 12/01/1998 (c) 1998 (Asia)
mvsch           // 23/01/1998 (c) 1998 (Hispanic)
mvscb           // 23/01/1998 (c) 1998 (Brazil)
sfa3            // 04/09/1998 (c) 1998 (USA)
sfa3u           // 04/09/1998 (c) 1998 (USA)
sfa3ur1         // 29/06/1998 (c) 1998 (USA)
sfa3us          // 16/06/1998 (c) 1998 (USA)
sfa3h           // 04/09/1998 (c) 1998 (Hispanic)
sfa3hr1         // 29/06/1998 (c) 1998 (Hispanic)
sfa3b           // 29/06/1998 (c) 1998 (Brazil)
sfz3j           // 04/09/1998 (c) 1998 (Japan)
sfz3jr1         // 27/07/1998 (c) 1998 (Japan)
sfz3jr2         // 29/06/1998 (c) 1998 (Japan)
sfz3a           // 04/09/1998 (c) 1998 (Asia)
sfz3ar1         // 01/07/1998 (c) 1998 (Asia)
gigawing        // 22/02/1999 (c) 1999 Takumi (USA)
gigawingj       // 23/02/1999 (c) 1999 Takumi (Japan)
gigawinga       // 22/02/1999 (c) 1999 Takumi (Asia)
gigawingh       // 22/02/1999 (c) 1999 Takumi (Hispanic)
gigawingb       // 22/02/1999 (c) 1999 Takumi (Brazil)
jyangoku        // 27/05/1999 (c) 1999 (Japan)
dimahoo         // 21/01/2000 (c) 2000 Eighting/Raizing (USA)
dimahoou        // 21/01/2000 (c) 2000 Eighting/Raizing (USA)
gmahou          // 21/01/2000 (c) 2000 Eighting/Raizing (Japan)
mmatrix         // 12/04/2000 (c) 2000 Takumi (USA)
mmatrixj        // 12/04/2000 (c) 2000 Takumi (Japan)
1944            // 20/06/2000 (c) 2000 Eighting/Raizing (USA)
1944j           // 20/06/2000 (c) 2000 Eighting/Raizing (Japan)
mpang           // 10/10/2000 (c) 2000 Mitchell (Euro)
mpangr1         // 25/09/2000 (c) 2000 Mitchell (Euro)
mpangu          // 10/10/2000 (c) 2000 Mitchell (USA)
mpangj          // 11/10/2000 (c) 2000 Mitchell (Japan)
progear         // 17/01/2001 (c) 2001 Cave (USA)
progearj        // 17/01/2001 (c) 2001 Cave (Japan)
progeara        // 17/01/2001 (c) 2001 Cave (Asia)
pzloop2         // 02/03/2001 (c) 2001 Mitchell (Euro)
pzloop2j        // 26/02/2001 (c) 2001 Mitchell (Japan)
pzloop2jr1      // 05/02/2001 (c) 2001 Mitchell (Japan)
choko           // 20/08/2001 (c) 2001 Mitchell (Japan)
hsf2            // 02/02/2004 (c) 2003, 2004 (USA)
hsf2j           // 22/12/2003 (c) 2003, 2004 (Japan)
hsf2a           // 02/02/2004 (c) 2003, 2004 (Asia)

// CPS2 'Phoenix' bootlegs
ssf2ud
ddtodd
ecofghtrd
avspd
dstlku1d
ringdstd
xmcotar1d
nwarrud
sfad
mshud
19xxd
sfz2ad
sfz2jd
spf2td
spf2xjd
ddsomud
megamn2d
sfz2ald
xmvsfu1d
batcird
vsavd
mvscud
sfa3ud
gigawingd
gigawingjd
1944d
progearud
progearjd
progearjbl
hsf2d
ssf2tbd
ssf2tad
ssf2xjd
sgemfd
armwar1d
dimahoud
mmatrixd
vhunt2d
vsav2d
csclub1d
cybotsud
cybotsjd
mshvsfu1d
sfz3jr2d

// Capcom CPS3 games
redearth        // 21/11/1996 (c) 1996 (Euro)
redearthr1      // 23/10/1996 (c) 1996 (Euro)
warzard         // 21/11/1996 (c) 1996 (Japan)
warzardr1       // 23/10/1996 (c) 1996 (Japan)
sfiii           // 04/02/1997 (c) 1997 (Euro)
sfiiiu          // 04/02/1997 (c) 1997 (USA)
sfiiia          // 04/02/1997 (c) 1997 (Asia)
sfiiij          // 04/02/1997 (c) 1997 (Japan)
sfiiih          // 04/02/1997 (c) 1997 (Hispanic)
sfiii2          // 30/09/1997 (c) 1997 (USA)
sfiii2j         // 30/09/1997 (c) 1997 (Japan)
jojo            // 28/01/1999 (c) 1998 (USA)
jojor1          // 08/01/1999 (c) 1998 (USA)
jojor2          // 02/12/1998 (c) 1998 (USA)
jojoj           // 28/01/1999 (c) 1998 (Japan)
jojojr1         // 08/01/1999 (c) 1998 (Japan)
jojojr2         // 02/12/1998 (c) 1998 (Japan)
sfiii3          // 08/06/1999 (c) 1999 (Euro)
sfiii3r1        // 12/05/1999 (c) 1999 (Euro)
sfiii3u         // 08/06/1999 (c) 1999 (USA)
sfiii3ur1       // 12/05/1999 (c) 1999 (USA)
jojoba          // 27/09/1999 (c) 1999 (Japan)
jojobar1        // 13/09/1999 (c) 1999 (Japan)
sfiiin          // 04/02/1997 (c) 1997 (Asia)
sfiiina         // 04/02/1997 (c) 1997 (Asia)
sfiii2n         // 30/09/1997 (c) 1997 (Asia)
jojon           // 28/01/1999 (c) 1998 (Asia)
jojonr1         // 08/01/1999 (c) 1998 (Asia)
jojonr2         // 02/12/1998 (c) 1998 (Asia)
sfiii3n         // 08/06/1999 (c) 1999 (Japan)
sfiii3nr1       // 12/05/1999 (c) 1999 (Japan)
jojoban         // 27/09/1999 (c) 1999 (Japan)
jojobanr1       // 13/09/1999 (c) 1999 (Japan)
jojobane        // 27/09/1999 (c) 1999 (Euro)
jojobaner1      // 13/09/1999 (c) 1999 (Euro)
cps3boot        // bootleg
cps3boota       // bootleg
cps3booto       // bootleg
cps3bootao      // bootleg
cps3booto2      // bootleg
cps3bootao2     // bootleg
cps3bs32        //
cps3bs32a       //

// "Galaxian hardware" games
galaxian        // (c) Namco
galaxiana       // (c) Namco
galaxianm       // (c) Midway
galaxianmo      // (c) Midway
galaxiant       // (c) Taito
galaxiani       // (c) Irem
galaxrf         // bootleg (Recreativos Franco)
galaxrfgg       // bootleg (Recreativos Franco)
superg          // hack
supergs         // Silver Systems hack
galapx          // hack
moonaln         // [Nichibutsu] (Karateco license) or hack
galap1          // hack
galap4          // hack
galturbo        // hack
swarm           // hack
zerotime        // hack
zerotimed       // hack
starfght        // hack
galaxbsf        // hack
galaxianbl      // bootleg
galaxbsf2       // bootleg
kamakazi3       // Video Games (UK) Ltd., hack or bootleg?
tst_galx        // Galaxian Test ROM
gmgalax         // bootleg
pisces          // Subelectro
piscesb         // bootleg
omni            // bootleg
uniwars         // (c) Irem
gteikoku        // (c) Irem
gteikokb        // bootleg
gteikob2        // bootleg
galemp          // (c) Taito do Brasil
asideral        // bootleg
pajaroes        // bootleg
spacbatt        // bootleg
spacbat2        // bootleg
spacempr        // bootleg
skyraidr        // bootleg
batman2         // bootleg
warofbug        // (c) 1981 Armenia
warofbugu       // (c) 1981 Armenia
warofbugg       // German Version
spactrai        //
redufo          // (c) Artic
redufob         // bootleg
exodus          // Subelectro - bootleg?
streakng        // [1980] Shoei
streaknga       // [1980] Shoei
pacmanbl        // bootleg
pacmanbla       // bootleg
phoenxp2        // bootleg
atlantisb       // bootleg
tenspot         // (c) 1982 Thomas Automatics
devilfsg        // (c) 1984 Vision / Artic (bootleg?)
zigzagb         // (c) 1982 LAX (bootleg)
zigzagb2        // (c) 1982 LAX (bootleg)
jumpbug         // (c) 1981 Rock-ola
jumpbugb        // (c) 1981 Sega
levers          // (c) 1983 Rock-ola
azurian         // (c) 1982 Rait Electronics Ltd
orbitron        // (c) 1982 Signatron USA (Arcade Tv Game List - P.160, Left, 22 from top)
mooncrgx        // bootleg
mooncrst        // (c) 1980 Nichibutsu
mooncrstu       // (c) 1980 Nichibutsu USA
mooncrsto       // (c) 1980 Nichibutsu
mooncrstg       // (c) 1980 Gremlin
mooncrstuk      // (c) 1980 Nichibutsu UK
mooncrstuku     // (c) 1980 Nichibutsu UK
smooncrs        // Gremlin
sstarcrs        // Taito (Brazil)
mooncmw         // bootleg
mooncrsb        // bootleg
mooncrs2        // bootleg
starfgmc        // bootleg
spcdrag         // bootleg
stera           // bootleg
spcdraga        // bootleg
mooncreg        // bootleg
mooncrs3        // bootleg
mooncrs4        // bootleg
fantazia        // bootleg
moonqsr         // (c) 1980 Nichibutsu
mshuttle        // (c) 1981 Nichibutsu
mshuttle2       // (c) 1981 Nichibutsu
mshuttlej       // (c) 1981 Nichibutsu
mshuttlej2      // (c) 1981 Nichibutsu
moonal2         // [1980] Nichibutsu
moonal2b        // [1980] Nichibutsu
supergx         // [1980] Nichibutsu
eagle           // [1980] Centuri
eagle2          // [1980] Centuri
eagle3          // [1980] Centuri
spctbird        // (c) Fortrek
mooncptc        // bootleg (Petaco S.A.)
mooncrsl        // bootleg (Laguna S.A.)
fantastc        // (c) Taito (Brazil) - rewrite of Galaga
timefgtr        // (c) Taito (Brazil) - rewrite of Time Pilot
kong            // (c) Taito (Brazil) - rewrite of Donkey Kong
skybase         // (c) 1982 Omori Electric Co., Ltd.
checkman        // (c) 1982 Zilec-Zenitone
checkmanj       // (c) 1982 Jaleco (Zenitone/Zilec in ROM CM4, and the programmer names)
dingo           // (c) 1983 Ashby Computers and Graphics LTD. + Jaleco license
dingoe          // (c) 1983 Ashby Computers and Graphics LTD. + Jaleco license
blkhole         // TDS (Tokyo Denshi Sekkei) & MINTS
kingball        // (c) 1980 Namco
kingballj       // (c) 1980 Namco
scorpionmc      // bootleg
frogg           // bootleg
4in1            // (c) 1981 Armenia / Food and Fun
bagmanmc        // bootleg
bagmanm2        // (c) 1984 Valadon Automation / GIB
dkongjrm        // bootleg
ozon1           // (c) 1983 Proma
ladybugg        // bootleg
vpool           // bootleg
drivfrcg        // [1984] Shinkai (Magic Electronics USA license)
drivfrcb        // bootleg
drivfrct        // bootleg
bongo           // (c) 1983 Jetsoft
hunchbkg        // (c) 1983 Century
harem           // [1983] I.G.R.
tazzmang        // bootleg
tazzmang2       // bootleg
racknrol        // (c) 1986 Status (Shinkia license) (Senko Kit)
hexpool         // (c) 1986 Shinkia (Senko Kit)
hexpoola        // (c) 1986 Shinkia (Senko Kit)
trvchlng        // [1985] Joyland (Senko license)
bullsdrtg       // 1985 Senko
luctoday        // 1980 Sigma
chewing         // ?? unknown
catacomb        // 1982 MTM Games
ckongg          // 1981 bootleg
ckongmc         // 1981 bootleg
ckonggx         //
ckongcv          // 19?? Competitive Video?
ckongis         //
porter          // 1982 bootleg (Arcade TV Game List - P.98, Left, 15 from bottom)
tdpgal          // 1983 Design Labs / Thomas Automatics
guttangt

// Namco games (plus some intruders on similar hardware)
geebee          // [1978] Namco
geebeeb         // [1978] Namco (F.lli Bertolino license)
geebeeg         // [1978] Gremlin
bombbee         // [1979] Namco
cutieq          // (c) 1979 Namco
navarone        // (c) 1980 Namco
kaitein         // [1980] Namco
kaitei          // [1980] K.K. Tokki
sos             // [1980] Namco
tankbatt        // (c) 1980 Namco
tankbattb       // bootleg
warpwarp        // (c) 1981 Namco
warpwarpr       // (c) 1981 [Namco] (Rock-ola license)
warpwarpr2      // (c) 1981 [Namco] (Rock-ola license)
rallyx          // (c) 1980 Namco
rallyxa         // (c) 1980 Namco
rallyxm         // (c) 1980 Midway
rallyxmr        // Model Racing bootleg
nrallyx         // (c) 1981 Namco
nrallyxb        // (c) 1981 Namco
jungler         // GX327 (c) 1981 Konami
junglers        // GX327 (c) 1981 Stern
jackler         // 1 9 8 2 (Jungler Bootleg)
savanna         // Olympia (c) 1982 (Jungler bootleg)
tactcian        // GX335 (c) 1982 Sega
tactcian2       // GX335 (c) 1981 Sega
locomotn        // GX359 (c) 1982 Konami + Centuri license
gutangtn        // GX359 (c) 1982 Konami + Sega license
cottong         // bootleg
locoboot        // bootleg
commsega        // (c) 1983 Sega

// the following ones all have a custom I/O chip
bosco           // (c) 1981
boscoo          // (c) 1981
boscoo2         // (c) 1981
boscomd         // (c) 1981 Midway
boscomdo        // (c) 1981 Midway
galaga          // (c) 1981
galagao         // (c) 1981
galagamw        // (c) 1981 Midway
galagamk        // (c) 1981 Midway
galagamf        // (c) 1981 Midway / hack
gallag          // bootleg
gatsbee         // (c) 1984 Uchida / hack
digdug          // (c) 1982
digdug1         // (c) 1982
digdugat        // 136007   (c) 1982 Atari
digdugat1       // 136007   (c) 1982 Atari
dzigzag         // bootleg
digsid          // bootleg
xevious         // (c) 1982
xeviousa        // 136018   (c) 1982 + Atari license
xeviousb        // 136018   (c) 1982 + Atari license
xeviousc        // 136018   (c) 1982 + Atari license
xevios          // bootleg
battles         // bootleg
sxevious        // (c) 1984
sxeviousj       // (c) 1984
superpac        // (c) 1982
superpacm       // (c) 1982 Midway
pacnpal         // (c) 1983
pacnpal2        // (c) 1983
pacnchmp        // (c) 1983
phozon          // (c) 1983
phozons         // (c) 1983 pcb manufactured by Sidam
mappy           // (c) 1983
mappyj          // (c) 1983
digdug2         // (c) 1985
digdug2o        // (c) 1985
todruaga        // (c) 1984
todruagao       // (c) 1984
todruagas       // (c) 1984 pcb manufactured by Sidam
motos           // (c) 1985
grobda          // (c) 1984
grobda2         // (c) 1984
grobda3         // (c) 1984
gaplus          // (c) 1984
gaplusa         // (c) 1984
gaplusd         // (c) 1984
gaplust         // (c) 1984
galaga3         // (c) 1984
galaga3a        // (c) 1984
galaga3b        // (c) 1984
galaga3c        // (c) 1984
galaga3m        // (c) 1984

// "Pacman hardware" games
puckman         // (c) 1980 Namco
puckmanb        // bootleg
puckmanf        // hack
puckmanh        // hack
pacman          // (c) 1980 Midway
pacmanf         // hack
puckmod         // (c) 1981 Namco
pacmod          // (c) 1981 Midway
pacmanjpm       // bootleg
newpuc2         // hack
newpuc2b        // hack
pacuman         // bootleg
newpuckx        // hack
pacmansp        // hack
pacheart        // hack
bucaner         // hack
hangly          // hack
hangly2         // hack
hangly3         // hack
popeyeman       // hack
crockman        // 1980 bootleg (RENE PIERRE)
piranhah        // hack
abscam          // hack
crush           // (c) 1981 Kural Samno Electric Ltd
crushbl         // bootleg
crushbl2        // bootleg
crushbl3        // bootleg
crush2          // (c) 1981 Kural Esco Electric Ltd - bootleg?
crush3          // Kural Electric Ltd - bootleg?
crush4          // Kural TWT
maketrax        // (c) 1981 Williams, high score table says KRL (fur Kural)
maketrxb        // (c) 1981 [Kural] (Williams license)
korosuke        // (c) 1981 Kural Electric
crushrlf        // bootleg
mbrush          // 1981 bootleg
paintrlr        // 1981 bootleg
crushs          // 1981 bootleg
pacplus         // (c) 1982 Namco (Midway license)
joyman          // hack
ctrpllrp        // hack
eyes            // (c) 1982 Digitrex Techstar + "Rockola presents"
eyes2           // (c) 1982 Techstar + "Rockola presents"
eyesb           // bootleg
eyeszac         // (c) 1982 Techstar / Zaccaria
eyeszacb        // bootleg
birdiy          // (c) 1983 Mama Top
mrtnt           // (c) 1983 Telko
gorkans         // (c) 1984 Techstar
eggor           // (c) 1983 Telko
jumpshot        // (c) 1985 Bally Midway
jumpshotp       // (c) 1985 Bally Midway
shootbul        // (c) 1985 Bally Midway
piranha         // GL
piranhao        // GL
nmouse          // (c) 1981 Amenip (Palcom Queen River)
nmouseb         // (c) 1981 Amenip Nova Games Ltd.
mspacman        // (c) 1981 Midway  // made by General Computer
mspacmancr      // bootleg on Crush Roller board
mspacmnf        // hack
mspacmat        // hack
msheartb        // hack
mspacmanbg      // bootleg
mspacmanbgd     // bootleg
mspacmanbcc     // bootleg
mspacmanblt     // bootleg
clubpacm        // Miky SRL
clubpacma       // Miky SRL
clubpacmb       // Miky SRL
woodpeck        // (c) 1981 Amenip (Palcom Queen River)
woodpeca        // (c) 1981 Amenip Nova Games Ltd.
mspacmab        // bootleg
mspacmbe        // bootleg
mspacii         // bootleg
mspacii2        // bootleg
pacgal          // hack
mspacpls        // hack
ponpoko         // (c) 1982 Sigma Ent. Inc.
ponpokov        // (c) 1982 Sigma Ent. Inc. + Venture Line license
candory         // graphics hack of Ponpoko
lizwiz          // (c) 1985 Techstar + "Sunn presents"
alibaba         // (c) 1982 Sega
alibabab        // Mustafa" and 40 Thieves (Ali Baba bootleg)
dremshpr        // (c) 1982 Sanritsu
vanvan          // (c) 1983 Sanritsu
vanvank         // (c) 1983 Karateco (bootleg?)
vanvanb         // (c) 1983 Karateco (bootleg?)
bwcasino        // (c) 1983 Epos Corporation
acitya          // (c) 1983 Epos Corporation
theglobp        // (c) 1983 Epos Corporation
sprglobp        // (c) 1983 Epos Corporation
sprglbpg        // German bootleg
beastf          // (c) 1984 Epos Corporation
rocktrv2        // (c) 1986 Triumph Software Inc
bigbucks        // (c) 1986 Dynasoft Inc.
numcrash        // (c) 1983 Hanshin Goraku / "Peni"
mschamp         // hack by RAYGLO MFG "Zola-Puc" (c) 1992/1993
mschamps        // hack (hack of the Rayglo hack?)
cannonbp        // hack
superabc        // hack
superabco       // hack
pengojpm        // bootleg
pengopac        // bootleg


// Z8000 games
polepos         // (c) 1982
poleposj        // (c) 1982
poleposa2       // 136014   (c) 1982 + Atari license
poleposa1       // 136014   (c) 1982 Atari
topracer        // bootleg
topracera       // bootleg
topracern       // bootleg
ppspeed         // bootleg
polepos2        // (c) 1983
polepos2a       // 136014   (c) 1983 + Atari license
polepos2b       // bootleg
polepos2bi      // bootleg
// no custom I/O in the following, HD63701 (or compatible) microcontroller instead
pacland         // (c) 1984
paclandj        // (c) 1984
paclandjo       // (c) 1984
paclandjo2      // (c) 1984
paclandm        // (c) 1984 Midway
drgnbstr        // (c) 1984
skykid          // (c) 1985
skykido         // (c) 1985
skykidd         // (c) 1985
skykids         // (c) 1985
aliensec        // (c) 1985
baraduke        // (c) 1985
metrocrs        // (c) 1985
metrocrsa       // (c) 1985

